C51 COMPILER V9.59.0.0   CONFIG                                                            01/01/2023 13:59:46 PAGE 1   


C51 COMPILER V9.59.0.0, COMPILATION OF MODULE CONFIG
OBJECT MODULE PLACED IN config.OBJ
COMPILER INVOKED BY: C:\Keil_v5\C51\BIN\c51.exe config.c DB OE BR INCDIR(c:\SiLabs\MCU\Inc)

line level    source

   1          /////////////////////////////////////
   2          //  Generated Initialization File  //
   3          /////////////////////////////////////
   4          
   5          #include "si_toolchain.h"
   6          #include "C8051F300_defs.h"
   7          
   8          // Peripheral specific initialization functions,
   9          // Called from the Init_Device() function
  10          void Reset_Sources_Init()
  11          {
  12   1          RSTSRC    = 0x04;
  13   1      }
  14          
  15          void PCA_Init()
  16          {
  17   1          PCA0MD    &= ~0x40;
  18   1          PCA0MD    = 0x00;
  19   1      }
  20          
  21          void Timer_Init()
  22          {
  23   1          TCON      = 0x10;
  24   1          TMOD      = 0x02;
  25   1          CKCON     = 0x02;
  26   1          TH0       = 0x56;
  27   1      }
  28          
  29          void ADC_Init()
  30          {
  31   1          AMX0SL    = 0x86;
  32   1          ADC0CF    = 0xF9;
  33   1          ADC0CN    = 0x81;
  34   1      }
  35          
  36          void Voltage_Reference_Init()
  37          {
  38   1          REF0CN    = 0x08;
  39   1      }
  40          
  41          void Port_IO_Init()
  42          {
  43   1          // P0.0  -  Unassigned,  Push-Pull,  Digital
  44   1          // P0.1  -  Unassigned,  Push-Pull,  Digital
  45   1          // P0.2  -  Unassigned,  Push-Pull,  Digital
  46   1          // P0.3  -  Unassigned,  Open-Drain, Digital
  47   1          // P0.4  -  Skipped,     Open-Drain, Analog
  48   1          // P0.5  -  Skipped,     Open-Drain, Analog
  49   1          // P0.6  -  Skipped,     Open-Drain, Analog
  50   1          // P0.7  -  Unassigned,  Push-Pull,  Digital
  51   1      
  52   1          P0MDIN    = 0x8F;
  53   1          P0MDOUT   = 0x87;
  54   1          XBR0      = 0x70;
  55   1          XBR2      = 0x40;
C51 COMPILER V9.59.0.0   CONFIG                                                            01/01/2023 13:59:46 PAGE 2   

  56   1      }
  57          
  58          void Oscillator_Init()
  59          {
  60   1          OSCICN    = 0x07;
  61   1      }
  62          
  63          void Interrupts_Init()
  64          {
  65   1          EIE1      = 0x04;
  66   1          IE        = 0x82;
  67   1      }
  68          
  69          // Initialization function for device,
  70          // Call Init_Device() from your main program
  71          void Init_Device(void)
  72          {
  73   1          Reset_Sources_Init();
  74   1          PCA_Init();
  75   1          Timer_Init();
  76   1          ADC_Init();
  77   1          Voltage_Reference_Init();
  78   1          Port_IO_Init();
  79   1          Oscillator_Init();
  80   1          Interrupts_Init();
  81   1      }


MODULE INFORMATION:   STATIC OVERLAYABLE
   CODE SIZE        =     86    ----
   CONSTANT SIZE    =   ----    ----
   XDATA SIZE       =   ----    ----
   PDATA SIZE       =   ----    ----
   DATA SIZE        =   ----    ----
   IDATA SIZE       =   ----    ----
   BIT SIZE         =   ----    ----
END OF MODULE INFORMATION.


C51 COMPILATION COMPLETE.  0 WARNING(S),  0 ERROR(S)
