C51 COMPILER V9.59.0.0   PRIM2                                                             01/01/2023 13:59:46 PAGE 1   


C51 COMPILER V9.59.0.0, COMPILATION OF MODULE PRIM2
OBJECT MODULE PLACED IN prim2.OBJ
COMPILER INVOKED BY: C:\Keil_v5\C51\BIN\c51.exe prim2.c DB OE BR INCDIR(c:\SiLabs\MCU\Inc)

line level    source

   1          #include "c8051F300.h"
   2          #include <stdio.h>    
   3          #include <float.h>
   4          
   5          /*************************  DEFINICION DE TIUPOS  *********************************************/
   6           typedef unsigned long ulong;  
   7           typedef unsigned int  uint;
   8           typedef unsigned char  uchar;
   9          /**********************************************************************************************/
  10          
  11          
  12          
  13          #define MAX_STEPS 11
  14          #define MAX_COLOR 3
  15          
  16          sbit LED_G     = P0^2;
  17          sbit LED_R     = P0^0;
  18          sbit LED_B     = P0^1;
  19          
  20          
  21          
  22          int contador = 0;
  23          
  24          unsigned char powerR[MAX_STEPS] = {0,1,2,3,4,5,6,7,8,9,10};
  25          unsigned char powerG[MAX_STEPS] = {0,1,2,3,4,5,6,7,8,9,10};
  26          unsigned char powerB[MAX_STEPS] = {0,1,2,3,4,5,6,7,8,9,10};
  27          
  28          unsigned int cnt       = 0;
  29          unsigned int cntR      = 0;
  30          unsigned int cntG      = 0;
  31          unsigned int cntB      = 0;
  32          
  33          
  34          unsigned char flag_int    = 0;
  35          
  36          
  37          extern void Init_Device();
  38                 uint adc0Measure(uchar channelNum) ;
  39          
  40          
  41          //--------------------------------------------------------------------------------------------
  42          //TRATAMIENTO DE LAS INTERRUPCIONES
  43          //--------------------------------------------------------------------------------------------
  44          
  45          void ADC0_Init () interrupt 8
  46          {
  47   1          static uchar loc_counter =0;
  48   1      
  49   1      
  50   1          AD0INT  = 0;
  51   1      
  52   1          cnt = (10*ADC0);
  53   1          cnt = cnt/255;
  54   1      
  55   1              if (loc_counter==0)
C51 COMPILER V9.59.0.0   PRIM2                                                             01/01/2023 13:59:46 PAGE 2   

  56   1              {    cntB   = cnt;
  57   2                       AMX0SL = 0x84;                          //R - channel P0.4
  58   2              }
  59   1              if (loc_counter==1)
  60   1              {
  61   2                       cntG   = cnt;
  62   2                       AMX0SL = 0x85;                          //R - channel P0.6 
  63   2              }
  64   1              if (loc_counter==2)
  65   1              {
  66   2                       cntR   = cnt;
  67   2                       AMX0SL = 0x86;                          //R - channel P0.5
  68   2              }
  69   1      
  70   1      
  71   1          loc_counter++;
  72   1              if (loc_counter > 2)
  73   1                 loc_counter = 0;
  74   1      
  75   1      }
  76          
  77          
  78          //----------------------------------------------------------------------------------------------------
  79          void int_timer0() interrupt 1   
  80          {
  81   1         //actualizamos en pasos de 10.
  82   1         contador++;
  83   1         if (contador>9)
  84   1         {
  85   2            contador = 0;
  86   2                      
  87   2         }
  88   1         flag_int = 1;
  89   1      } 
  90                  
  91          //----------------------------------------------------------------------------------------------------
  92          void main (void) {
  93   1      
  94   1          Init_Device();
  95   1      
  96   1      
  97   1          LED_G = 0;
  98   1          LED_B = 0;
  99   1          LED_R = 0;
 100   1      
 101   1          AD0EN = 1;
 102   1      
 103   1          AD0BUSY = 1;
 104   1      
 105   1              while(1)
 106   1              {
 107   2                 
 108   2                 if (flag_int)
 109   2                 {          
 110   3                       if (contador<powerR[cntR])
 111   3                          LED_R = 0;
 112   3                       else
 113   3                          LED_R = 1;
 114   3                        
 115   3               
 116   3                       if (contador<powerG[cntG])
 117   3                          LED_G = 0;
C51 COMPILER V9.59.0.0   PRIM2                                                             01/01/2023 13:59:46 PAGE 3   

 118   3                       else
 119   3                          LED_G = 1;
 120   3      
 121   3                       if (contador<powerB[cntB])
 122   3                          LED_B = 0;
 123   3                       else
 124   3                          LED_B = 1;
 125   3               
 126   3               flag_int = 0;
 127   3                 }
 128   2              };
 129   1      
 130   1      
 131   1      }//fin main
 132          
 133          


MODULE INFORMATION:   STATIC OVERLAYABLE
   CODE SIZE        =    260    ----
   CONSTANT SIZE    =   ----    ----
   XDATA SIZE       =   ----    ----
   PDATA SIZE       =   ----    ----
   DATA SIZE        =     45    ----
   IDATA SIZE       =   ----    ----
   BIT SIZE         =   ----    ----
END OF MODULE INFORMATION.


C51 COMPILATION COMPLETE.  0 WARNING(S),  0 ERROR(S)
